<?xml version="1.0" encoding="UTF-8" ?>
<testsuites errors="2"
            failures="1"
            tests="4">

  <testsuite name="1-products"
    errors="2" failures="1" hostname="" id="" package="1-products" skipped="0"
    tests="4" time="6.132" timestamp="Fri, 26 Oct 2018 18:41:10 GMT">
  
    <testcase name="Page des produits" classname="1-products" time="3.154" assertions="1">

    
    </testcase>
  
    <testcase name="Liste des produits pour les valeurs par defauts" classname="1-products" time="0.1700" assertions="2">

    

    
    </testcase>
  
    <testcase name="Categories des produits" classname="1-products" time="0.4730" assertions="7">

    

    

    

    

    

    

    
    </testcase>
  
    <testcase name="Classement des produits" classname="1-products" time="2.335" assertions="6">

    

    

    

    

      <failure message="L&#39;indicateur du nombre de produits doit indiquer &#39;13 produits&#39;.">    at endReadableNT (_stream_readable.js:1094:12)</failure>

    
    </testcase>
  

  
    <system-err>
        Error while running [1 Products / Liste des produits pour les valeurs par defauts]:

  AssertionError [ERR_ASSERTION]: Le lien pour le produit #1 doit être &#39;product.html?id=13&#39;.
    at Object.&lt;anonymous&gt; (/home/paul-elian/Dropbox/EPM/LOG4420/git_TP/TP1/tests/e2e/1-products.js:71:15)
    at HttpRequest.&lt;anonymous&gt; (/home/paul-elian/Dropbox/EPM/LOG4420/git_TP/TP1/node_modules/nightwatch/lib/index.js:366:18)
    at HttpRequest.emit (events.js:182:13)
    at HttpRequest.&lt;anonymous&gt; (/home/paul-elian/Dropbox/EPM/LOG4420/git_TP/TP1/node_modules/nightwatch/lib/index.js:382:15)
    at HttpRequest.emit (events.js:182:13)
    at IncomingMessage.&lt;anonymous&gt; (/home/paul-elian/Dropbox/EPM/LOG4420/git_TP/TP1/node_modules/nightwatch/lib/http/request.js:170:16)
    at IncomingMessage.emit (events.js:187:15)
    at endReadableNT (_stream_readable.js:1094:12)
    at process._tickCallback (internal/process/next_tick.js:63:19)
  Error while running [1 Products / Categories des produits]:

  AssertionError [ERR_ASSERTION]: Le lien pour le produit #1 doit être &#39;product.html?id=4&#39;.
    at Object.&lt;anonymous&gt; (/home/paul-elian/Dropbox/EPM/LOG4420/git_TP/TP1/tests/e2e/1-products.js:71:15)
    at HttpRequest.&lt;anonymous&gt; (/home/paul-elian/Dropbox/EPM/LOG4420/git_TP/TP1/node_modules/nightwatch/lib/index.js:366:18)
    at HttpRequest.emit (events.js:182:13)
    at HttpRequest.&lt;anonymous&gt; (/home/paul-elian/Dropbox/EPM/LOG4420/git_TP/TP1/node_modules/nightwatch/lib/index.js:382:15)
    at HttpRequest.emit (events.js:182:13)
    at IncomingMessage.&lt;anonymous&gt; (/home/paul-elian/Dropbox/EPM/LOG4420/git_TP/TP1/node_modules/nightwatch/lib/http/request.js:170:16)
    at IncomingMessage.emit (events.js:187:15)
    at endReadableNT (_stream_readable.js:1094:12)
    at process._tickCallback (internal/process/next_tick.js:63:19)
ERROR: Unable to locate element: &#34;.remove-item-button&#34; using: css selector
    at pressRemoveItemButton (/home/paul-elian/Dropbox/EPM/LOG4420/git_TP/TP1/tests/e2e/3-shopping-cart.js:175:21)
    at Object.Suppression d&#39;un item dans le panier (/home/paul-elian/Dropbox/EPM/LOG4420/git_TP/TP1/tests/e2e/3-shopping-cart.js:180:5)
    at Module.call (/home/paul-elian/Dropbox/EPM/LOG4420/git_TP/TP1/node_modules/nightwatch/lib/runner/module.js:62:34)
    at /home/paul-elian/Dropbox/EPM/LOG4420/git_TP/TP1/node_modules/nightwatch/lib/runner/testcase.js:70:29
    at _fulfilled (/home/paul-elian/Dropbox/EPM/LOG4420/git_TP/TP1/node_modules/q/q.js:834:54)
    at /home/paul-elian/Dropbox/EPM/LOG4420/git_TP/TP1/node_modules/q/q.js:863:30
    at Promise.promise.promiseDispatch (/home/paul-elian/Dropbox/EPM/LOG4420/git_TP/TP1/node_modules/q/q.js:796:13)
    at /home/paul-elian/Dropbox/EPM/LOG4420/git_TP/TP1/node_modules/q/q.js:556:49
    at runSingle (/home/paul-elian/Dropbox/EPM/LOG4420/git_TP/TP1/node_modules/q/q.js:137:13)
    at flush (/home/paul-elian/Dropbox/EPM/LOG4420/git_TP/TP1/node_modules/q/q.js:125:13)
ERROR: Unable to locate element: &#34;.add-quantity-button&#34; using: css selector
    at Object.Augmentation de la quantite associee a un item dans le panier (/home/paul-elian/Dropbox/EPM/LOG4420/git_TP/TP1/tests/e2e/3-shopping-cart.js:200:12)
    at Module.call (/home/paul-elian/Dropbox/EPM/LOG4420/git_TP/TP1/node_modules/nightwatch/lib/runner/module.js:62:34)
    at /home/paul-elian/Dropbox/EPM/LOG4420/git_TP/TP1/node_modules/nightwatch/lib/runner/testcase.js:70:29
    at _fulfilled (/home/paul-elian/Dropbox/EPM/LOG4420/git_TP/TP1/node_modules/q/q.js:834:54)
    at /home/paul-elian/Dropbox/EPM/LOG4420/git_TP/TP1/node_modules/q/q.js:863:30
    at Promise.promise.promiseDispatch (/home/paul-elian/Dropbox/EPM/LOG4420/git_TP/TP1/node_modules/q/q.js:796:13)
    at /home/paul-elian/Dropbox/EPM/LOG4420/git_TP/TP1/node_modules/q/q.js:556:49
    at runSingle (/home/paul-elian/Dropbox/EPM/LOG4420/git_TP/TP1/node_modules/q/q.js:137:13)
    at flush (/home/paul-elian/Dropbox/EPM/LOG4420/git_TP/TP1/node_modules/q/q.js:125:13)
    at process._tickCallback (internal/process/next_tick.js:61:11)
ERROR: Unable to locate element: &#34;.remove-quantity-button&#34; using: css selector
    at Object.Diminution de la quantite associee a un item dans le panier (/home/paul-elian/Dropbox/EPM/LOG4420/git_TP/TP1/tests/e2e/3-shopping-cart.js:209:12)
    at Module.call (/home/paul-elian/Dropbox/EPM/LOG4420/git_TP/TP1/node_modules/nightwatch/lib/runner/module.js:62:34)
    at /home/paul-elian/Dropbox/EPM/LOG4420/git_TP/TP1/node_modules/nightwatch/lib/runner/testcase.js:70:29
    at _fulfilled (/home/paul-elian/Dropbox/EPM/LOG4420/git_TP/TP1/node_modules/q/q.js:834:54)
    at /home/paul-elian/Dropbox/EPM/LOG4420/git_TP/TP1/node_modules/q/q.js:863:30
    at Promise.promise.promiseDispatch (/home/paul-elian/Dropbox/EPM/LOG4420/git_TP/TP1/node_modules/q/q.js:796:13)
    at /home/paul-elian/Dropbox/EPM/LOG4420/git_TP/TP1/node_modules/q/q.js:556:49
    at runSingle (/home/paul-elian/Dropbox/EPM/LOG4420/git_TP/TP1/node_modules/q/q.js:137:13)
    at flush (/home/paul-elian/Dropbox/EPM/LOG4420/git_TP/TP1/node_modules/q/q.js:125:13)
    at process._tickCallback (internal/process/next_tick.js:61:11)
    </system-err>
  

  
  </testsuite>
</testsuites>
