<?xml version="1.0" encoding="UTF-8" ?>
<testsuites errors="0"
            failures="2"
            tests="3">

  <testsuite name="2-product"
    errors="0" failures="2" hostname="" id="" package="2-product" skipped="0"
    tests="3" time="4.305" timestamp="Fri, 26 Oct 2018 18:41:17 GMT">
  
    <testcase name="Page d&#39;un produit" classname="2-product" time="1.793" assertions="5">

    

    

    

    

    
    </testcase>
  
    <testcase name="Produit invalide" classname="2-product" time="0.3100" assertions="1">  <failure message="Lorsqu&#39;un identifiant invalide est spécifié à la page d&#39;un produit, le titre doit indiquer &#39;Page non trouvée!&#39;.">    at Object.Produit invalide (/home/paul-elian/Dropbox/EPM/LOG4420/git_TP/TP1/tests/e2e/2-product.js:63:15)
    at process._tickCallback (internal/process/next_tick.js:61:11)</failure>

    
    </testcase>
  
    <testcase name="Ajout de produits dans le panier" classname="2-product" time="2.202" assertions="4">

    

    

      <failure message="Le nombre de produits dans le panier doit pas être visible.">    at validateShoppingCartQuantity (/home/paul-elian/Dropbox/EPM/LOG4420/git_TP/TP1/tests/e2e/2-product.js:22:19)
    at Object.Ajout de produits dans le panier (/home/paul-elian/Dropbox/EPM/LOG4420/git_TP/TP1/tests/e2e/2-product.js:108:5)</failure>

    
    </testcase>
  

  
    <system-err>
        Error while running [1 Products / Liste des produits pour les valeurs par defauts]:

  AssertionError [ERR_ASSERTION]: Le lien pour le produit #1 doit être &#39;product.html?id=13&#39;.
    at Object.&lt;anonymous&gt; (/home/paul-elian/Dropbox/EPM/LOG4420/git_TP/TP1/tests/e2e/1-products.js:71:15)
    at HttpRequest.&lt;anonymous&gt; (/home/paul-elian/Dropbox/EPM/LOG4420/git_TP/TP1/node_modules/nightwatch/lib/index.js:366:18)
    at HttpRequest.emit (events.js:182:13)
    at HttpRequest.&lt;anonymous&gt; (/home/paul-elian/Dropbox/EPM/LOG4420/git_TP/TP1/node_modules/nightwatch/lib/index.js:382:15)
    at HttpRequest.emit (events.js:182:13)
    at IncomingMessage.&lt;anonymous&gt; (/home/paul-elian/Dropbox/EPM/LOG4420/git_TP/TP1/node_modules/nightwatch/lib/http/request.js:170:16)
    at IncomingMessage.emit (events.js:187:15)
    at endReadableNT (_stream_readable.js:1094:12)
    at process._tickCallback (internal/process/next_tick.js:63:19)
  Error while running [1 Products / Categories des produits]:

  AssertionError [ERR_ASSERTION]: Le lien pour le produit #1 doit être &#39;product.html?id=4&#39;.
    at Object.&lt;anonymous&gt; (/home/paul-elian/Dropbox/EPM/LOG4420/git_TP/TP1/tests/e2e/1-products.js:71:15)
    at HttpRequest.&lt;anonymous&gt; (/home/paul-elian/Dropbox/EPM/LOG4420/git_TP/TP1/node_modules/nightwatch/lib/index.js:366:18)
    at HttpRequest.emit (events.js:182:13)
    at HttpRequest.&lt;anonymous&gt; (/home/paul-elian/Dropbox/EPM/LOG4420/git_TP/TP1/node_modules/nightwatch/lib/index.js:382:15)
    at HttpRequest.emit (events.js:182:13)
    at IncomingMessage.&lt;anonymous&gt; (/home/paul-elian/Dropbox/EPM/LOG4420/git_TP/TP1/node_modules/nightwatch/lib/http/request.js:170:16)
    at IncomingMessage.emit (events.js:187:15)
    at endReadableNT (_stream_readable.js:1094:12)
    at process._tickCallback (internal/process/next_tick.js:63:19)
ERROR: Unable to locate element: &#34;.remove-item-button&#34; using: css selector
    at pressRemoveItemButton (/home/paul-elian/Dropbox/EPM/LOG4420/git_TP/TP1/tests/e2e/3-shopping-cart.js:175:21)
    at Object.Suppression d&#39;un item dans le panier (/home/paul-elian/Dropbox/EPM/LOG4420/git_TP/TP1/tests/e2e/3-shopping-cart.js:180:5)
    at Module.call (/home/paul-elian/Dropbox/EPM/LOG4420/git_TP/TP1/node_modules/nightwatch/lib/runner/module.js:62:34)
    at /home/paul-elian/Dropbox/EPM/LOG4420/git_TP/TP1/node_modules/nightwatch/lib/runner/testcase.js:70:29
    at _fulfilled (/home/paul-elian/Dropbox/EPM/LOG4420/git_TP/TP1/node_modules/q/q.js:834:54)
    at /home/paul-elian/Dropbox/EPM/LOG4420/git_TP/TP1/node_modules/q/q.js:863:30
    at Promise.promise.promiseDispatch (/home/paul-elian/Dropbox/EPM/LOG4420/git_TP/TP1/node_modules/q/q.js:796:13)
    at /home/paul-elian/Dropbox/EPM/LOG4420/git_TP/TP1/node_modules/q/q.js:556:49
    at runSingle (/home/paul-elian/Dropbox/EPM/LOG4420/git_TP/TP1/node_modules/q/q.js:137:13)
    at flush (/home/paul-elian/Dropbox/EPM/LOG4420/git_TP/TP1/node_modules/q/q.js:125:13)
ERROR: Unable to locate element: &#34;.add-quantity-button&#34; using: css selector
    at Object.Augmentation de la quantite associee a un item dans le panier (/home/paul-elian/Dropbox/EPM/LOG4420/git_TP/TP1/tests/e2e/3-shopping-cart.js:200:12)
    at Module.call (/home/paul-elian/Dropbox/EPM/LOG4420/git_TP/TP1/node_modules/nightwatch/lib/runner/module.js:62:34)
    at /home/paul-elian/Dropbox/EPM/LOG4420/git_TP/TP1/node_modules/nightwatch/lib/runner/testcase.js:70:29
    at _fulfilled (/home/paul-elian/Dropbox/EPM/LOG4420/git_TP/TP1/node_modules/q/q.js:834:54)
    at /home/paul-elian/Dropbox/EPM/LOG4420/git_TP/TP1/node_modules/q/q.js:863:30
    at Promise.promise.promiseDispatch (/home/paul-elian/Dropbox/EPM/LOG4420/git_TP/TP1/node_modules/q/q.js:796:13)
    at /home/paul-elian/Dropbox/EPM/LOG4420/git_TP/TP1/node_modules/q/q.js:556:49
    at runSingle (/home/paul-elian/Dropbox/EPM/LOG4420/git_TP/TP1/node_modules/q/q.js:137:13)
    at flush (/home/paul-elian/Dropbox/EPM/LOG4420/git_TP/TP1/node_modules/q/q.js:125:13)
    at process._tickCallback (internal/process/next_tick.js:61:11)
ERROR: Unable to locate element: &#34;.remove-quantity-button&#34; using: css selector
    at Object.Diminution de la quantite associee a un item dans le panier (/home/paul-elian/Dropbox/EPM/LOG4420/git_TP/TP1/tests/e2e/3-shopping-cart.js:209:12)
    at Module.call (/home/paul-elian/Dropbox/EPM/LOG4420/git_TP/TP1/node_modules/nightwatch/lib/runner/module.js:62:34)
    at /home/paul-elian/Dropbox/EPM/LOG4420/git_TP/TP1/node_modules/nightwatch/lib/runner/testcase.js:70:29
    at _fulfilled (/home/paul-elian/Dropbox/EPM/LOG4420/git_TP/TP1/node_modules/q/q.js:834:54)
    at /home/paul-elian/Dropbox/EPM/LOG4420/git_TP/TP1/node_modules/q/q.js:863:30
    at Promise.promise.promiseDispatch (/home/paul-elian/Dropbox/EPM/LOG4420/git_TP/TP1/node_modules/q/q.js:796:13)
    at /home/paul-elian/Dropbox/EPM/LOG4420/git_TP/TP1/node_modules/q/q.js:556:49
    at runSingle (/home/paul-elian/Dropbox/EPM/LOG4420/git_TP/TP1/node_modules/q/q.js:137:13)
    at flush (/home/paul-elian/Dropbox/EPM/LOG4420/git_TP/TP1/node_modules/q/q.js:125:13)
    at process._tickCallback (internal/process/next_tick.js:61:11)
    </system-err>
  

  
  </testsuite>
</testsuites>
