<?xml version="1.0" encoding="UTF-8" ?>
<testsuites errors="3"
            failures="6"
            tests="6">

  <testsuite name="3-shopping-cart"
    errors="3" failures="6" hostname="" id="" package="3-shopping-cart" skipped="0"
    tests="6" time="10.99" timestamp="Fri, 26 Oct 2018 21:23:07 GMT">
  
    <testcase name="Aucun produit dans le panier" classname="3-shopping-cart" time="1.585" assertions="2">

      <failure message="Le paragraphe doit indiquer &#39;Aucun produit dans le panier.&#39;.">    at validateEmptyShoppingCartView (/home/paul-elian/Dropbox/EPM/LOG4420/git_TP/TP1/tests/e2e/3-shopping-cart.js:17:13)
    at Object.Aucun produit dans le panier (/home/paul-elian/Dropbox/EPM/LOG4420/git_TP/TP1/tests/e2e/3-shopping-cart.js:151:5)</failure>

    
    </testcase>
  
    <testcase name="Un ou plusieurs produits dans le panier" classname="3-shopping-cart" time="6.611" assertions="1">  <failure message="Le nombre de produits dans le panier doit pas être visible.">    at validateShoppingCartTable (/home/paul-elian/Dropbox/EPM/LOG4420/git_TP/TP1/tests/e2e/3-shopping-cart.js:93:17)
    at Object.Un ou plusieurs produits dans le panier (/home/paul-elian/Dropbox/EPM/LOG4420/git_TP/TP1/tests/e2e/3-shopping-cart.js:170:5)</failure>

    
    </testcase>
  
    <testcase name="Suppression d&#39;un item dans le panier" classname="3-shopping-cart" time="0.6970" assertions="1">  <failure message="Le nombre de produits dans le panier doit pas être visible.">    at validateShoppingCartTable (/home/paul-elian/Dropbox/EPM/LOG4420/git_TP/TP1/tests/e2e/3-shopping-cart.js:93:17)
    at Object.&lt;anonymous&gt; (/home/paul-elian/Dropbox/EPM/LOG4420/git_TP/TP1/tests/e2e/3-shopping-cart.js:185:7)
    at endReadableNT (_stream_readable.js:1094:12)</failure>

    
    </testcase>
  
    <testcase name="Augmentation de la quantite associee a un item dans le panier" classname="3-shopping-cart" time="0.6850" assertions="1">  <failure message="Le nombre de produits dans le panier doit pas être visible.">    at validateShoppingCartTable (/home/paul-elian/Dropbox/EPM/LOG4420/git_TP/TP1/tests/e2e/3-shopping-cart.js:93:17)
    at Object.&lt;anonymous&gt; (/home/paul-elian/Dropbox/EPM/LOG4420/git_TP/TP1/tests/e2e/3-shopping-cart.js:204:7)</failure>

    
    </testcase>
  
    <testcase name="Diminution de la quantite associee a un item dans le panier" classname="3-shopping-cart" time="0.7010" assertions="1">  <failure message="Le nombre de produits dans le panier doit pas être visible.">    at validateShoppingCartTable (/home/paul-elian/Dropbox/EPM/LOG4420/git_TP/TP1/tests/e2e/3-shopping-cart.js:93:17)
    at Object.&lt;anonymous&gt; (/home/paul-elian/Dropbox/EPM/LOG4420/git_TP/TP1/tests/e2e/3-shopping-cart.js:213:7)</failure>

    
    </testcase>
  
    <testcase name="Suppression de tous les produits dans le panier" classname="3-shopping-cart" time="0.7120" assertions="1">  <failure message="Le nombre de produits dans le panier doit pas être visible.">    at validateShoppingCartTable (/home/paul-elian/Dropbox/EPM/LOG4420/git_TP/TP1/tests/e2e/3-shopping-cart.js:93:17)
    at Object.&lt;anonymous&gt; (/home/paul-elian/Dropbox/EPM/LOG4420/git_TP/TP1/tests/e2e/3-shopping-cart.js:227:7)
    at endReadableNT (_stream_readable.js:1094:12)</failure>

    
    </testcase>
  

  
    <system-err>
      ERROR: Unable to locate element: &#34;.remove-item-button&#34; using: css selector
    at pressRemoveItemButton (/home/paul-elian/Dropbox/EPM/LOG4420/git_TP/TP1/tests/e2e/3-shopping-cart.js:175:21)
    at Object.Suppression d&#39;un item dans le panier (/home/paul-elian/Dropbox/EPM/LOG4420/git_TP/TP1/tests/e2e/3-shopping-cart.js:180:5)
    at Module.call (/home/paul-elian/Dropbox/EPM/LOG4420/git_TP/TP1/node_modules/nightwatch/lib/runner/module.js:62:34)
    at /home/paul-elian/Dropbox/EPM/LOG4420/git_TP/TP1/node_modules/nightwatch/lib/runner/testcase.js:70:29
    at _fulfilled (/home/paul-elian/Dropbox/EPM/LOG4420/git_TP/TP1/node_modules/q/q.js:834:54)
    at /home/paul-elian/Dropbox/EPM/LOG4420/git_TP/TP1/node_modules/q/q.js:863:30
    at Promise.promise.promiseDispatch (/home/paul-elian/Dropbox/EPM/LOG4420/git_TP/TP1/node_modules/q/q.js:796:13)
    at /home/paul-elian/Dropbox/EPM/LOG4420/git_TP/TP1/node_modules/q/q.js:556:49
    at runSingle (/home/paul-elian/Dropbox/EPM/LOG4420/git_TP/TP1/node_modules/q/q.js:137:13)
    at flush (/home/paul-elian/Dropbox/EPM/LOG4420/git_TP/TP1/node_modules/q/q.js:125:13)
ERROR: Unable to locate element: &#34;.add-quantity-button&#34; using: css selector
    at Object.Augmentation de la quantite associee a un item dans le panier (/home/paul-elian/Dropbox/EPM/LOG4420/git_TP/TP1/tests/e2e/3-shopping-cart.js:200:12)
    at Module.call (/home/paul-elian/Dropbox/EPM/LOG4420/git_TP/TP1/node_modules/nightwatch/lib/runner/module.js:62:34)
    at /home/paul-elian/Dropbox/EPM/LOG4420/git_TP/TP1/node_modules/nightwatch/lib/runner/testcase.js:70:29
    at _fulfilled (/home/paul-elian/Dropbox/EPM/LOG4420/git_TP/TP1/node_modules/q/q.js:834:54)
    at /home/paul-elian/Dropbox/EPM/LOG4420/git_TP/TP1/node_modules/q/q.js:863:30
    at Promise.promise.promiseDispatch (/home/paul-elian/Dropbox/EPM/LOG4420/git_TP/TP1/node_modules/q/q.js:796:13)
    at /home/paul-elian/Dropbox/EPM/LOG4420/git_TP/TP1/node_modules/q/q.js:556:49
    at runSingle (/home/paul-elian/Dropbox/EPM/LOG4420/git_TP/TP1/node_modules/q/q.js:137:13)
    at flush (/home/paul-elian/Dropbox/EPM/LOG4420/git_TP/TP1/node_modules/q/q.js:125:13)
    at process._tickCallback (internal/process/next_tick.js:61:11)
ERROR: Unable to locate element: &#34;.remove-quantity-button&#34; using: css selector
    at Object.Diminution de la quantite associee a un item dans le panier (/home/paul-elian/Dropbox/EPM/LOG4420/git_TP/TP1/tests/e2e/3-shopping-cart.js:209:12)
    at Module.call (/home/paul-elian/Dropbox/EPM/LOG4420/git_TP/TP1/node_modules/nightwatch/lib/runner/module.js:62:34)
    at /home/paul-elian/Dropbox/EPM/LOG4420/git_TP/TP1/node_modules/nightwatch/lib/runner/testcase.js:70:29
    at _fulfilled (/home/paul-elian/Dropbox/EPM/LOG4420/git_TP/TP1/node_modules/q/q.js:834:54)
    at /home/paul-elian/Dropbox/EPM/LOG4420/git_TP/TP1/node_modules/q/q.js:863:30
    at Promise.promise.promiseDispatch (/home/paul-elian/Dropbox/EPM/LOG4420/git_TP/TP1/node_modules/q/q.js:796:13)
    at /home/paul-elian/Dropbox/EPM/LOG4420/git_TP/TP1/node_modules/q/q.js:556:49
    at runSingle (/home/paul-elian/Dropbox/EPM/LOG4420/git_TP/TP1/node_modules/q/q.js:137:13)
    at flush (/home/paul-elian/Dropbox/EPM/LOG4420/git_TP/TP1/node_modules/q/q.js:125:13)
    at process._tickCallback (internal/process/next_tick.js:61:11)
    </system-err>
  

  
  </testsuite>
</testsuites>
